2023-10-07 18:33:02,961 - __main__ - INFO - process file: /Users/zhangshengwei/workspace/ces_adk/research/libqvar/source/qvarcore/qvarrenderarcore.h
2023-10-07 18:33:03,100 - __main__ - INFO - process file: /Users/zhangshengwei/workspace/ces_adk/research/libqvar/source/qvarcore/qvarsessionarcore.h
2023-10-07 18:33:03,772 - __main__ - INFO - process file: /Users/zhangshengwei/workspace/ces_adk/research/libqvar/source/common/qvarscene.hpp
2023-10-07 18:33:03,956 - __main__ - INFO - process file: /Users/zhangshengwei/workspace/ces_adk/research/libqvar/source/common/qvopenglmetalinteroptexture.h
2023-10-07 18:33:06,076 - __main__ - INFO - process file: /Users/zhangshengwei/workspace/ces_adk/research/libqvar/source/common/qvarsession.hpp
2023-10-07 18:33:06,707 - __main__ - INFO - process file: /Users/zhangshengwei/workspace/ces_adk/research/libqvar/source/common/qvglheaders.h
2023-10-07 18:33:07,308 - __main__ - INFO - process file: /Users/zhangshengwei/workspace/ces_adk/research/libqvar/source/common/qvmatutils.hpp
2023-10-07 18:33:07,901 - __main__ - INFO - process file: /Users/zhangshengwei/workspace/ces_adk/research/libqvar/source/common/qvareid.hpp
2023-10-07 18:33:08,486 - __main__ - INFO - process file: /Users/zhangshengwei/workspace/ces_adk/research/libqvar/source/common/qvarrender.hpp
2023-10-07 18:33:09,135 - __main__ - INFO - process file: /Users/zhangshengwei/workspace/ces_adk/research/libqvar/source/headersource/qvar3DSceneManager+internal.h
2023-10-07 18:33:09,769 - __main__ - INFO - process file: /Users/zhangshengwei/workspace/ces_adk/research/libqvar/source/qvarkit/qvarrendermetalarkit.hpp
2023-10-07 18:33:12,654 - __main__ - INFO - process file: /Users/zhangshengwei/workspace/ces_adk/research/libqvar/source/qvarkit/depthfilter_mtlshader_str.h
2023-10-07 18:33:13,442 - __main__ - INFO - process file: /Users/zhangshengwei/workspace/ces_adk/research/libqvar/source/qvarkit/qvarscenearkit.hpp
2023-10-07 18:33:16,179 - __main__ - INFO - process file: /Users/zhangshengwei/workspace/ces_adk/research/libqvar/source/qvarkit/qvarrenderoglesarkit.hpp
2023-10-07 18:33:18,052 - __main__ - INFO - process file: /Users/zhangshengwei/workspace/ces_adk/research/libqvar/source/qvarkit/qvarARSessionHandle.h
2023-10-07 18:33:21,570 - __main__ - INFO - process file: /Users/zhangshengwei/workspace/ces_adk/research/libqvar/source/qvarkit/qvarsessionarkit.hpp
2023-10-07 18:33:24,510 - __main__ - INFO - process file: /Users/zhangshengwei/workspace/ces_adk/research/libqvar/source/qvarkit/qvarshareddata.h
2023-10-07 18:33:27,061 - __main__ - INFO - process file: /Users/zhangshengwei/workspace/ces_adk/research/libqvar/source/qvarkit/depthoptimization.h
2023-10-07 18:33:29,955 - __main__ - INFO - process file: /Users/zhangshengwei/workspace/ces_adk/research/libqvar/source/brush/qvbrush.hpp
2023-10-07 18:33:30,968 - __main__ - INFO - process file: /Users/zhangshengwei/workspace/ces_adk/research/libqvar/source/brush/qv3dbrushmetalScenekit.hpp
2023-10-07 18:33:33,969 - __main__ - INFO - process file: /Users/zhangshengwei/workspace/ces_adk/research/libqvar/source/brush/qv2dbrushmetal.hpp
2023-10-07 18:33:36,132 - __main__ - INFO - process file: /Users/zhangshengwei/workspace/ces_adk/research/libqvar/source/brush/qv3dbrushoglesScenekit.hpp
2023-10-07 18:33:39,088 - __main__ - INFO - process file: /Users/zhangshengwei/workspace/ces_adk/research/libqvar/source/brush/qv3dbrush.hpp
2023-10-07 18:33:42,116 - __main__ - INFO - process file: /Users/zhangshengwei/workspace/ces_adk/research/libqvar/source/brush/qv3dbrushmetal.hpp
2023-10-07 18:33:45,104 - __main__ - INFO - process file: /Users/zhangshengwei/workspace/ces_adk/research/libqvar/source/brush/qv2dbrushogles.hpp
2023-10-07 18:33:46,060 - __main__ - INFO - process file: /Users/zhangshengwei/workspace/ces_adk/research/libqvar/source/brush/qv2dbrush.hpp
2023-10-07 18:33:47,015 - __main__ - INFO - process file: /Users/zhangshengwei/workspace/ces_adk/research/libqvar/source/brush/qv3dbrushogles.hpp
2023-10-07 18:33:49,941 - __main__ - INFO - process file: /Users/zhangshengwei/workspace/ces_adk/research/libqvar/header/libqvpen.hpp
2023-10-07 18:33:50,862 - __main__ - INFO - process file: /Users/zhangshengwei/workspace/ces_adk/research/libqvar/header/qvartypedef.h
2023-10-07 18:33:51,777 - __main__ - INFO - process file: /Users/zhangshengwei/workspace/ces_adk/research/libqvar/header/libqvar3d.hpp
2023-10-07 18:33:54,621 - __main__ - INFO - process file: /Users/zhangshengwei/workspace/ces_adk/research/libqvar/header/libqvarobject.hpp
2023-10-07 18:33:55,544 - __main__ - INFO - process file: /Users/zhangshengwei/workspace/ces_adk/research/libqvar/header/libqvar.hpp
2023-10-07 18:33:56,475 - __main__ - INFO - process file: /Users/zhangshengwei/workspace/ces_adk/research/libqvblur/source/XYRenderPass.h
2023-10-07 18:33:57,398 - __main__ - INFO - process file: /Users/zhangshengwei/workspace/ces_adk/research/libqvblur/source/XYUtils.h
2023-10-07 18:34:00,864 - __main__ - INFO - process file: /Users/zhangshengwei/workspace/ces_adk/research/libqvblur/source/XYGLRenderDoneSampleBlurPass.h
2023-10-07 18:34:04,295 - __main__ - INFO - process file: /Users/zhangshengwei/workspace/ces_adk/research/libqvblur/source/XYShader.h
2023-10-07 18:34:07,757 - __main__ - INFO - process file: /Users/zhangshengwei/workspace/ces_adk/research/libqvblur/source/XYMTLRenderDoneSampleBlurPass.h
2023-10-07 18:34:11,178 - __main__ - INFO - process file: /Users/zhangshengwei/workspace/ces_adk/research/libqvblur/public/XYBlur.h
2023-10-07 18:34:12,772 - __main__ - INFO - process file: /Users/zhangshengwei/workspace/ces_adk/research/libqvlayerstyle/source/common/qvglheaders.h
2023-10-07 18:34:13,904 - __main__ - INFO - process file: /Users/zhangshengwei/workspace/ces_adk/research/libqvlayerstyle/source/layerStyle/qvlayerStyle.hpp
2023-10-07 18:34:15,080 - __main__ - INFO - process file: /Users/zhangshengwei/workspace/ces_adk/research/libqvlayerstyle/source/layerStyle/qvlayerStyleogles.hpp
2023-10-07 18:34:16,248 - __main__ - INFO - process file: /Users/zhangshengwei/workspace/ces_adk/research/libqvlayerstyle/source/layerStyle/qvlayerstylemetal.hpp
2023-10-07 18:34:19,355 - __main__ - INFO - process file: /Users/zhangshengwei/workspace/ces_adk/research/libqvlayerstyle/header/qverrorid.hpp
2023-10-07 18:34:20,333 - __main__ - INFO - process file: /Users/zhangshengwei/workspace/ces_adk/research/libqvlayerstyle/header/libqvlayerStyle.hpp
2023-10-07 18:34:21,319 - __main__ - INFO - process file: /Users/zhangshengwei/workspace/ces_adk/research/libqvshatter/source/effect_source_shader.h
2023-10-07 18:34:22,436 - __main__ - INFO - process file: /Users/zhangshengwei/workspace/ces_adk/research/libqvmeshWarp/source/meshWarp/qvmeshWarp.hpp
2023-10-07 18:34:23,457 - __main__ - INFO - process file: /Users/zhangshengwei/workspace/ces_adk/research/libqvmeshWarp/source/meshWarp/qvmeshWarpogles.hpp
2023-10-07 18:34:24,700 - __main__ - INFO - process file: /Users/zhangshengwei/workspace/ces_adk/research/libqvmeshWarp/source/meshWarp/qvmeshTransform.hpp
2023-10-07 18:34:25,926 - __main__ - INFO - process file: /Users/zhangshengwei/workspace/ces_adk/research/libqvmeshWarp/source/common/qvglheaders.h
2023-10-07 18:34:26,908 - __main__ - INFO - process file: /Users/zhangshengwei/workspace/ces_adk/research/libqvmeshWarp/header/qverrorid.hpp
2023-10-07 18:34:27,884 - __main__ - INFO - process file: /Users/zhangshengwei/workspace/ces_adk/research/libqvmeshWarp/header/libqvmeshWarp.hpp
2023-10-07 18:34:28,871 - __main__ - INFO - process file: /Users/zhangshengwei/workspace/ces_adk/research/libqvsaber/source/saber/VGpath.hpp
2023-10-07 18:34:29,921 - __main__ - INFO - process file: /Users/zhangshengwei/workspace/ces_adk/research/libqvsaber/source/saber/libqvsaber.hpp
2023-10-07 18:34:30,903 - __main__ - INFO - process file: /Users/zhangshengwei/workspace/ces_adk/research/libqvsaber/source/saber/SKVGpath.hpp
2023-10-07 18:34:31,951 - __main__ - INFO - process file: /Users/zhangshengwei/workspace/ces_adk/research/libqvsaber/source/saber/qvsabermetal.hpp
2023-10-07 18:34:35,069 - __main__ - INFO - process file: /Users/zhangshengwei/workspace/ces_adk/research/libqvsaber/source/saber/QVVGpath.hpp
2023-10-07 18:34:36,126 - __main__ - INFO - process file: /Users/zhangshengwei/workspace/ces_adk/research/libqvsaber/source/saber/qvsaberogles.hpp
2023-10-07 18:34:38,301 - __main__ - INFO - process file: /Users/zhangshengwei/workspace/ces_adk/research/libqvsaber/source/saber/qvsaber.hpp
2023-10-07 18:34:39,330 - __main__ - INFO - process file: /Users/zhangshengwei/workspace/ces_adk/research/libqvsaber/source/saber/CGVGpath.hpp
2023-10-07 18:34:41,500 - __main__ - INFO - process file: /Users/zhangshengwei/workspace/ces_adk/research/libqvsaber/source/common/qvglheaders.h
2023-10-07 18:34:42,500 - __main__ - INFO - process file: /Users/zhangshengwei/workspace/ces_adk/research/libqvsaber/header/qverrorid.hpp
2023-10-07 18:34:43,484 - __main__ - INFO - process file: /Users/zhangshengwei/workspace/ces_adk/research/libxyfacegradualchange/source/subdivision2d.h
2023-10-07 18:34:44,732 - __main__ - INFO - process file: /Users/zhangshengwei/workspace/ces_adk/research/libxyfacegradualchange/source/facegradualchange.h
2023-10-07 18:34:46,046 - __main__ - INFO - process file: /Users/zhangshengwei/workspace/ces_adk/research/libxyfacegradualchange/source/delTriangulation.h
2023-10-07 18:34:47,291 - __main__ - INFO - process file: /Users/zhangshengwei/workspace/ces_adk/research/libxyfacegradualchange/source/shaders/effect_shaders_shader.h
2023-10-07 18:34:48,281 - __main__ - INFO - process file: /Users/zhangshengwei/workspace/ces_adk/research/libxyfacegradualchange/public/xyfacegradualchange.h
2023-10-07 18:34:49,535 - __main__ - INFO - process file: /Users/zhangshengwei/workspace/ces_adk/research/vt2d/source/apple/vt2dmtldevice.hpp
2023-10-07 18:34:51,799 - __main__ - INFO - process file: /Users/zhangshengwei/workspace/ces_adk/research/vt2d/source/apple/vtcgmtldrawer.hpp
2023-10-07 18:34:53,847 - __main__ - INFO - process file: /Users/zhangshengwei/workspace/ces_adk/research/vt2d/source/apple/vtcggldrawer.hpp
2023-10-07 18:34:55,889 - __main__ - INFO - process file: /Users/zhangshengwei/workspace/ces_adk/research/vt2d/source/apple/vtpxglbridgecv.h
2023-10-07 18:34:58,303 - __main__ - INFO - process file: /Users/zhangshengwei/workspace/ces_adk/research/vt2d/source/apple/vt2dmtldrawer.hpp
2023-10-07 18:35:00,237 - __main__ - INFO - process file: /Users/zhangshengwei/workspace/ces_adk/research/vt2d/source/apple/vtcgdrawer.hpp
2023-10-07 18:35:02,258 - __main__ - INFO - process file: /Users/zhangshengwei/workspace/ces_adk/research/vt2d/source/skia/vtskdrawer.hpp
2023-10-07 18:35:03,246 - __main__ - INFO - process file: /Users/zhangshengwei/workspace/ces_adk/research/vt2d/source/pathfinder/pathfinder_drawer.h
2023-10-07 18:35:04,295 - __main__ - INFO - process file: /Users/zhangshengwei/workspace/ces_adk/research/vt2d/source/common/vt2dpaint.hpp
2023-10-07 18:35:05,287 - __main__ - INFO - process file: /Users/zhangshengwei/workspace/ces_adk/research/vt2d/source/common/vt2derrorid.hpp
2023-10-07 18:35:06,271 - __main__ - INFO - process file: /Users/zhangshengwei/workspace/ces_adk/research/vt2d/source/common/vt2dgrdevice.hpp
2023-10-07 18:35:07,375 - __main__ - INFO - process file: /Users/zhangshengwei/workspace/ces_adk/research/vt2d/source/common/vt2dgldevice.hpp
2023-10-07 18:35:08,445 - __main__ - INFO - process file: /Users/zhangshengwei/workspace/ces_adk/research/vt2d/source/common/vt2ddrawer.hpp
2023-10-07 18:35:09,437 - __main__ - INFO - process file: /Users/zhangshengwei/workspace/ces_adk/research/vt2d/source/common/vt2dpath.hpp
2023-10-07 18:35:10,428 - __main__ - INFO - process file: /Users/zhangshengwei/workspace/ces_adk/research/vt2d/source/common/vt2dgldrawer.hpp
2023-10-07 18:35:11,490 - __main__ - INFO - process file: /Users/zhangshengwei/workspace/ces_adk/research/vt2d/source/common/vtajniholder.hpp
2023-10-07 18:35:12,547 - __main__ - INFO - process file: /Users/zhangshengwei/workspace/ces_adk/research/vt2d/source/common/vt2dcommon.hpp
2023-10-07 18:35:13,606 - __main__ - INFO - process file: /Users/zhangshengwei/workspace/ces_adk/research/vt2d/source/common/vt2dmemory.hpp
2023-10-07 18:35:14,665 - __main__ - INFO - process file: /Users/zhangshengwei/workspace/ces_adk/research/vt2d/source/android/vtacdrawer.hpp
2023-10-07 18:35:15,657 - __main__ - INFO - process file: /Users/zhangshengwei/workspace/ces_adk/research/vt2d/source/toolkit/vt2dspline.hpp
2023-10-07 18:35:16,649 - __main__ - INFO - process file: /Users/zhangshengwei/workspace/ces_adk/research/vt2d/source/toolkit/vt2dmeasure.hpp
2023-10-07 18:35:17,639 - __main__ - INFO - process file: /Users/zhangshengwei/workspace/ces_adk/research/vt2d/source/toolkit/vt2dgeometry.hpp
2023-10-07 18:35:18,631 - __main__ - INFO - process file: /Users/zhangshengwei/workspace/ces_adk/research/vt2d/source/toolkit/vt2dpen.hpp
2023-10-07 18:35:19,886 - __main__ - INFO - process file: /Users/zhangshengwei/workspace/ces_adk/research/vt2d/source/toolkit/vt2dstroker.hpp
2023-10-07 18:35:20,876 - __main__ - INFO - process file: /Users/zhangshengwei/workspace/ces_adk/research/vt2d/public/qv2d.h
2023-10-07 18:35:21,868 - __main__ - INFO - process file: /Users/zhangshengwei/workspace/ces_adk/research/vt2d/public/qvpen.h
2023-10-07 18:35:22,860 - __main__ - INFO - process file: /Users/zhangshengwei/workspace/ces_adk/research/vt2d/public/vt2d.hpp
2023-10-07 18:35:23,859 - __main__ - INFO - process file: /Users/zhangshengwei/workspace/ces_adk/research/vtpathfx/source/vtpxtailor.h
2023-10-07 18:35:24,854 - __main__ - INFO - process file: /Users/zhangshengwei/workspace/ces_adk/research/vtpathfx/source/cleanup_operator.h
2023-10-07 18:35:26,055 - __main__ - INFO - process file: /Users/zhangshengwei/workspace/ces_adk/research/vtpathfx/source/vtpxgrdrawfx.h
2023-10-07 18:35:27,047 - __main__ - INFO - process file: /Users/zhangshengwei/workspace/ces_adk/research/vtpathfx/source/vtpxgrengine.h
2023-10-07 18:35:28,045 - __main__ - INFO - process file: /Users/zhangshengwei/workspace/ces_adk/research/vtpathfx/source/vtpxgrdrawer.h
2023-10-07 18:35:29,039 - __main__ - INFO - process file: /Users/zhangshengwei/workspace/ces_adk/research/vtpathfx/source/vtpxeffect.h
2023-10-07 18:35:30,037 - __main__ - INFO - process file: /Users/zhangshengwei/workspace/ces_adk/research/vtpathfx/source/vtpx2ddrawer.h
2023-10-07 18:35:31,043 - __main__ - INFO - process file: /Users/zhangshengwei/workspace/ces_adk/research/vtpathfx/source/kernel/cJSON.h
2023-10-07 18:35:32,044 - __main__ - INFO - process file: /Users/zhangshengwei/workspace/ces_adk/research/vtpathfx/source/kernel/vtpxerrorid.h
2023-10-07 18:35:33,031 - __main__ - INFO - process file: /Users/zhangshengwei/workspace/ces_adk/research/vtpathfx/source/kernel/vtpxvector.h
2023-10-07 18:35:34,303 - __main__ - INFO - process file: /Users/zhangshengwei/workspace/ces_adk/research/vtpathfx/source/kernel/vtpxmemory.h
2023-10-07 18:35:35,327 - __main__ - INFO - process file: /Users/zhangshengwei/workspace/ces_adk/research/vtpathfx/source/kernel/vtpxkeyframe.h
2023-10-07 18:35:36,595 - __main__ - INFO - process file: /Users/zhangshengwei/workspace/ces_adk/research/vtpathfx/source/kernel/vtpxcommon.h
2023-10-07 18:35:37,861 - __main__ - INFO - process file: /Users/zhangshengwei/workspace/ces_adk/research/vtpathfx/public/vtpathfx.h
2023-10-07 18:35:38,863 - __main__ - INFO - process file: /Users/zhangshengwei/workspace/ces_adk/research/kiwi/tools/shader_tool.h
2023-10-07 18:35:40,383 - __main__ - INFO - process file: /Users/zhangshengwei/workspace/ces_adk/research/kiwi/kiwi/render_support/framebuffer_cache.h
2023-10-07 18:35:41,742 - __main__ - INFO - process file: /Users/zhangshengwei/workspace/ces_adk/research/kiwi/kiwi/utils/error.h
2023-10-07 18:35:43,187 - __main__ - INFO - process file: /Users/zhangshengwei/workspace/ces_adk/research/kiwi/kiwi/utils/compiler.h
2023-10-07 18:35:44,237 - __main__ - INFO - process file: /Users/zhangshengwei/workspace/ces_adk/research/kiwi/kiwi/utils/cache.h
2023-10-07 18:35:45,597 - __main__ - INFO - process file: /Users/zhangshengwei/workspace/ces_adk/research/kiwi/kiwi/utils/data_reshaper.h
2023-10-07 18:35:46,690 - __main__ - INFO - process file: /Users/zhangshengwei/workspace/ces_adk/research/kiwi/kiwi/backend/shader.h
2023-10-07 18:35:48,152 - __main__ - INFO - process file: /Users/zhangshengwei/workspace/ces_adk/research/kiwi/kiwi/backend/kiwi_sync.h
2023-10-07 18:35:49,488 - __main__ - INFO - process file: /Users/zhangshengwei/workspace/ces_adk/research/kiwi/kiwi/backend/driver.h
2023-10-07 18:35:50,864 - __main__ - INFO - process file: /Users/zhangshengwei/workspace/ces_adk/research/kiwi/kiwi/backend/command_buffer.h
2023-10-07 18:35:52,467 - __main__ - INFO - process file: /Users/zhangshengwei/workspace/ces_adk/research/kiwi/kiwi/backend/kiwi_base.h
2023-10-07 18:35:53,819 - __main__ - INFO - process file: /Users/zhangshengwei/workspace/ces_adk/research/kiwi/kiwi/backend/buffer.h
2023-10-07 18:35:55,159 - __main__ - INFO - process file: /Users/zhangshengwei/workspace/ces_adk/research/kiwi/kiwi/backend/swap_chain.h
2023-10-07 18:35:56,501 - __main__ - INFO - process file: /Users/zhangshengwei/workspace/ces_adk/research/kiwi/kiwi/backend/compute_pipeline.h
2023-10-07 18:35:57,976 - __main__ - INFO - process file: /Users/zhangshengwei/workspace/ces_adk/research/kiwi/kiwi/backend/texture.h
2023-10-07 18:35:59,372 - __main__ - INFO - process file: /Users/zhangshengwei/workspace/ces_adk/research/kiwi/kiwi/backend/driver_enum.h
2023-10-07 18:36:00,738 - __main__ - INFO - process file: /Users/zhangshengwei/workspace/ces_adk/research/kiwi/kiwi/backend/render_pass.h
2023-10-07 18:36:02,083 - __main__ - INFO - process file: /Users/zhangshengwei/workspace/ces_adk/research/kiwi/kiwi/backend/platform.h
2023-10-07 18:36:03,429 - __main__ - INFO - process file: /Users/zhangshengwei/workspace/ces_adk/research/kiwi/kiwi/backend/graphics_pipeline.h
2023-10-07 18:36:04,989 - __main__ - INFO - process file: /Users/zhangshengwei/workspace/ces_adk/research/kiwi/kiwi/backend/kiwi_backend_wrapper.h
2023-10-07 18:36:06,734 - __main__ - INFO - process file: /Users/zhangshengwei/workspace/ces_adk/research/kiwi/kiwi/backend/command_queue.h
2023-10-07 18:36:08,204 - __main__ - INFO - process file: /Users/zhangshengwei/workspace/ces_adk/research/kiwi/kiwi/backend/resource_binding.h
2023-10-07 18:36:09,609 - __main__ - INFO - process file: /Users/zhangshengwei/workspace/ces_adk/research/kiwi/kiwi/backend/metal/metal_command_queue.h
2023-10-07 18:36:12,819 - __main__ - INFO - process file: /Users/zhangshengwei/workspace/ces_adk/research/kiwi/kiwi/backend/metal/metal_buffer.h
2023-10-07 18:36:15,943 - __main__ - INFO - process file: /Users/zhangshengwei/workspace/ces_adk/research/kiwi/kiwi/backend/metal/metal_render_pass.h
2023-10-07 18:36:18,844 - __main__ - INFO - process file: /Users/zhangshengwei/workspace/ces_adk/research/kiwi/kiwi/backend/metal/metal_graphics_pipeline.h
2023-10-07 18:36:21,931 - __main__ - INFO - process file: /Users/zhangshengwei/workspace/ces_adk/research/kiwi/kiwi/backend/metal/metal_texture.h
2023-10-07 18:36:25,061 - __main__ - INFO - process file: /Users/zhangshengwei/workspace/ces_adk/research/kiwi/kiwi/backend/metal/metal_sync.h
2023-10-07 18:36:28,148 - __main__ - INFO - process file: /Users/zhangshengwei/workspace/ces_adk/research/kiwi/kiwi/backend/metal/metal_compute_pipeline.h
2023-10-07 18:36:31,185 - __main__ - INFO - process file: /Users/zhangshengwei/workspace/ces_adk/research/kiwi/kiwi/backend/metal/metal_swap_chain.h
2023-10-07 18:36:32,744 - __main__ - INFO - process file: /Users/zhangshengwei/workspace/ces_adk/research/kiwi/kiwi/backend/metal/metal_shader.h
2023-10-07 18:36:35,888 - __main__ - INFO - process file: /Users/zhangshengwei/workspace/ces_adk/research/kiwi/kiwi/backend/metal/metal_base.h
2023-10-07 18:36:38,812 - __main__ - INFO - process file: /Users/zhangshengwei/workspace/ces_adk/research/kiwi/kiwi/backend/metal/metal_driver.h
2023-10-07 18:36:41,891 - __main__ - INFO - process file: /Users/zhangshengwei/workspace/ces_adk/research/kiwi/kiwi/backend/metal/metal_command_buffer.h
2023-10-07 18:36:45,007 - __main__ - INFO - process file: /Users/zhangshengwei/workspace/ces_adk/research/kiwi/kiwi/backend/ios/texture_adapter.h
2023-10-07 18:36:47,595 - __main__ - INFO - process file: /Users/zhangshengwei/workspace/ces_adk/research/kiwi/kiwi/backend/vulkan/vk_base.h
2023-10-07 18:36:49,498 - __main__ - INFO - process file: /Users/zhangshengwei/workspace/ces_adk/research/kiwi/kiwi/backend/vulkan/vk_swapchain.h
2023-10-07 18:36:51,156 - __main__ - INFO - process file: /Users/zhangshengwei/workspace/ces_adk/research/kiwi/kiwi/backend/vulkan/vk_render_pass.h
2023-10-07 18:36:52,811 - __main__ - INFO - process file: /Users/zhangshengwei/workspace/ces_adk/research/kiwi/kiwi/backend/vulkan/vk_command_buffer.h
2023-10-07 18:36:54,732 - __main__ - INFO - process file: /Users/zhangshengwei/workspace/ces_adk/research/kiwi/kiwi/backend/vulkan/vk_texture.h
2023-10-07 18:36:56,428 - __main__ - INFO - process file: /Users/zhangshengwei/workspace/ces_adk/research/kiwi/kiwi/backend/vulkan/vk_compute_pipeline.h
2023-10-07 18:36:58,211 - __main__ - INFO - process file: /Users/zhangshengwei/workspace/ces_adk/research/kiwi/kiwi/backend/vulkan/vk_shader_compiler.h
2023-10-07 18:36:59,988 - __main__ - INFO - process file: /Users/zhangshengwei/workspace/ces_adk/research/kiwi/kiwi/backend/vulkan/vk_command_queue.h
2023-10-07 18:37:01,745 - __main__ - INFO - process file: /Users/zhangshengwei/workspace/ces_adk/research/kiwi/kiwi/backend/vulkan/vk_driver.h
2023-10-07 18:37:03,438 - __main__ - INFO - process file: /Users/zhangshengwei/workspace/ces_adk/research/kiwi/kiwi/backend/vulkan/vk_graphics_pipeline.h
2023-10-07 18:37:05,332 - __main__ - INFO - process file: /Users/zhangshengwei/workspace/ces_adk/research/kiwi/kiwi/backend/opengl/gl_compute_pipeline.h
2023-10-07 18:37:07,147 - __main__ - INFO - process file: /Users/zhangshengwei/workspace/ces_adk/research/kiwi/kiwi/backend/opengl/gl_base.h
2023-10-07 18:37:09,120 - __main__ - INFO - process file: /Users/zhangshengwei/workspace/ces_adk/research/kiwi/kiwi/backend/opengl/gl_debug.h
2023-10-07 18:37:10,914 - __main__ - INFO - process file: /Users/zhangshengwei/workspace/ces_adk/research/kiwi/kiwi/backend/opengl/gl_driver.h
2023-10-07 18:37:12,774 - __main__ - INFO - process file: /Users/zhangshengwei/workspace/ces_adk/research/kiwi/kiwi/backend/opengl/gl_command_buffer.h
2023-10-07 18:37:14,726 - __main__ - INFO - process file: /Users/zhangshengwei/workspace/ces_adk/research/kiwi/kiwi/backend/opengl/gl_texture.h
2023-10-07 18:37:16,585 - __main__ - INFO - process file: /Users/zhangshengwei/workspace/ces_adk/research/kiwi/kiwi/backend/opengl/gl_swapchain.h
2023-10-07 18:37:18,294 - __main__ - INFO - process file: /Users/zhangshengwei/workspace/ces_adk/research/kiwi/kiwi/backend/opengl/gl_command_queue.h
2023-10-07 18:37:20,218 - __main__ - INFO - process file: /Users/zhangshengwei/workspace/ces_adk/research/kiwi/kiwi/backend/opengl/gl_shader_compiler.h
2023-10-07 18:37:22,096 - __main__ - INFO - process file: /Users/zhangshengwei/workspace/ces_adk/research/kiwi/kiwi/backend/opengl/gles31_stub.h
2023-10-07 18:37:23,454 - __main__ - INFO - process file: /Users/zhangshengwei/workspace/ces_adk/research/kiwi/kiwi/backend/opengl/gl_buffer.h
2023-10-07 18:37:25,116 - __main__ - INFO - process file: /Users/zhangshengwei/workspace/ces_adk/research/kiwi/kiwi/backend/opengl/gl_headers.h
2023-10-07 18:37:26,906 - __main__ - INFO - process file: /Users/zhangshengwei/workspace/ces_adk/research/kiwi/kiwi/backend/opengl/gl_sync.h
2023-10-07 18:37:28,842 - __main__ - INFO - process file: /Users/zhangshengwei/workspace/ces_adk/research/kiwi/kiwi/backend/opengl/gl_render_pass.h
2023-10-07 18:37:30,503 - __main__ - INFO - process file: /Users/zhangshengwei/workspace/ces_adk/research/kiwi/kiwi/backend/opengl/gl_graphics_pipeline.h
2023-10-07 18:37:32,468 - __main__ - INFO - process file: /Users/zhangshengwei/workspace/ces_adk/research/kiwi/samples/data/shaders/texture_quad_msl.h
2023-10-07 18:37:33,820 - __main__ - INFO - process file: /Users/zhangshengwei/workspace/ces_adk/research/kiwi/samples/data/shaders/generate/texture_quad_msl.h
2023-10-07 18:37:35,175 - __main__ - INFO - process file: /Users/zhangshengwei/workspace/ces_adk/research/kiwi/android/opengles_demo/app/src/main/cpp/RendererJNI.h
2023-10-07 18:37:36,554 - __main__ - INFO - process file: /Users/zhangshengwei/workspace/ces_adk/research/xyvap/vap_configure_parser.h
2023-10-07 18:37:38,206 - __main__ - INFO - process file: /Users/zhangshengwei/workspace/ces_adk/research/xyvap/vap_frame_resolver_imp.h
2023-10-07 18:37:39,739 - __main__ - INFO - process file: /Users/zhangshengwei/workspace/ces_adk/research/xyvap/vap_frame_resolver_interface.h
2023-10-07 18:37:41,270 - __main__ - INFO - process file: /Users/zhangshengwei/workspace/ces_adk/research/xyvap/ios/vap.h
2023-10-07 18:37:42,902 - __main__ - INFO - process file: /Users/zhangshengwei/workspace/ces_adk/research/xyvap/resource/generated/shader_code.h
2023-10-07 18:37:44,266 - __main__ - INFO - process file: /Users/zhangshengwei/workspace/ces_adk/research/AtomEngine2/samples/iOS/SceneKitTest/SceneKitTest/AppDelegate.h
2023-10-07 18:37:45,612 - __main__ - INFO - process file: /Users/zhangshengwei/workspace/ces_adk/research/AtomEngine2/samples/iOS/SceneKitTest/SceneKitTest/GameViewController.h
2023-10-07 18:37:49,504 - __main__ - INFO - process file: /Users/zhangshengwei/workspace/ces_adk/research/AtomEngine2/samples/iOS/glTF_Test/glTF_Test/AppDelegate.h
2023-10-07 18:37:50,936 - __main__ - INFO - process file: /Users/zhangshengwei/workspace/ces_adk/research/AtomEngine2/samples/iOS/glTF_Test/glTF_Test/ViewController.h
2023-10-07 18:37:52,362 - __main__ - INFO - process file: /Users/zhangshengwei/workspace/ces_adk/research/AtomEngine2/samples/Win32/render_framework_test/stdafx.h
2023-10-07 18:37:53,806 - __main__ - INFO - process file: /Users/zhangshengwei/workspace/ces_adk/research/AtomEngine2/samples/Win32/render_framework_test/targetver.h
2023-10-07 18:37:55,233 - __main__ - INFO - process file: /Users/zhangshengwei/workspace/ces_adk/research/AtomEngine2/samples/Win32/render_framework_test/geactivity.hpp
2023-10-07 18:37:56,675 - __main__ - INFO - process file: /Users/zhangshengwei/workspace/ces_adk/research/AtomEngine2/samples/Win32/render_framework_test/gecominc.hpp
2023-10-07 18:37:58,170 - __main__ - INFO - process file: /Users/zhangshengwei/workspace/ces_adk/research/AtomEngine2/samples/Win32/Light_Shadow_Test/stdafx.h
2023-10-07 18:37:59,613 - __main__ - INFO - process file: /Users/zhangshengwei/workspace/ces_adk/research/AtomEngine2/samples/Win32/Light_Shadow_Test/targetver.h
2023-10-07 18:38:01,038 - __main__ - INFO - process file: /Users/zhangshengwei/workspace/ces_adk/research/AtomEngine2/samples/Win32/Light_Shadow_Test/geactivity.hpp
2023-10-07 18:38:02,471 - __main__ - INFO - process file: /Users/zhangshengwei/workspace/ces_adk/research/AtomEngine2/samples/Win32/Light_Shadow_Test/gecominc.hpp
2023-10-07 18:38:03,960 - __main__ - INFO - process file: /Users/zhangshengwei/workspace/ces_adk/research/AtomEngine2/samples/Win32/glTF_Test/stdafx.h
2023-10-07 18:38:05,403 - __main__ - INFO - process file: /Users/zhangshengwei/workspace/ces_adk/research/AtomEngine2/samples/Win32/glTF_Test/targetver.h
2023-10-07 18:38:06,836 - __main__ - INFO - process file: /Users/zhangshengwei/workspace/ces_adk/research/AtomEngine2/samples/Win32/glTF_Test/geactivity.hpp
2023-10-07 18:38:08,268 - __main__ - INFO - process file: /Users/zhangshengwei/workspace/ces_adk/research/AtomEngine2/samples/Win32/glTF_Test/gecominc.hpp
2023-10-07 18:38:09,761 - __main__ - INFO - process file: /Users/zhangshengwei/workspace/ces_adk/research/AtomEngine2/engine/rendering_gles/gles_render_engine.h
2023-10-07 18:38:11,457 - __main__ - INFO - process file: /Users/zhangshengwei/workspace/ces_adk/research/AtomEngine2/engine/rendering_gles/gles_graphics_buffer.h
2023-10-07 18:38:12,888 - __main__ - INFO - process file: /Users/zhangshengwei/workspace/ces_adk/research/AtomEngine2/engine/rendering_gles/gles_comdef.h
2023-10-07 18:38:14,313 - __main__ - INFO - process file: /Users/zhangshengwei/workspace/ces_adk/research/AtomEngine2/engine/rendering_gles/gles_texture.h
2023-10-07 18:38:15,749 - __main__ - INFO - process file: /Users/zhangshengwei/workspace/ces_adk/research/AtomEngine2/engine/rendering_gles/gles_frame_buffer.h
2023-10-07 18:38:17,177 - __main__ - INFO - process file: /Users/zhangshengwei/workspace/ces_adk/research/AtomEngine2/engine/rendering_gles/gles_render_factory.h
2023-10-07 18:38:18,608 - __main__ - INFO - process file: /Users/zhangshengwei/workspace/ces_adk/research/AtomEngine2/engine/rendering_gles/gles_shader_object.h
2023-10-07 18:38:20,291 - __main__ - INFO - process file: /Users/zhangshengwei/workspace/ces_adk/research/AtomEngine2/engine/rendering_gles/gles_debug.h
2023-10-07 18:38:21,964 - __main__ - INFO - process file: /Users/zhangshengwei/workspace/ces_adk/research/AtomEngine2/engine/rendering_gles/gles_render_state_object.h
2023-10-07 18:38:23,397 - __main__ - INFO - process file: /Users/zhangshengwei/workspace/ces_adk/research/AtomEngine2/engine/rendering_gles/gles_render_layout.h
2023-10-07 18:38:24,824 - __main__ - INFO - process file: /Users/zhangshengwei/workspace/ces_adk/research/AtomEngine2/engine/rendering_gles/gles_mapping.h
2023-10-07 18:38:26,503 - __main__ - INFO - process file: /Users/zhangshengwei/workspace/ces_adk/research/AtomEngine2/engine/rendering_gles/gles_render_view.h
2023-10-07 18:38:27,936 - __main__ - INFO - process file: /Users/zhangshengwei/workspace/ces_adk/research/AtomEngine2/engine/rendering_metal/metal_frame_buffer.h
2023-10-07 18:38:30,492 - __main__ - INFO - process file: /Users/zhangshengwei/workspace/ces_adk/research/AtomEngine2/engine/rendering_metal/metal_render_factory.h
2023-10-07 18:38:31,925 - __main__ - INFO - process file: /Users/zhangshengwei/workspace/ces_adk/research/AtomEngine2/engine/rendering_metal/metal_render_state_object.h
2023-10-07 18:38:34,478 - __main__ - INFO - process file: /Users/zhangshengwei/workspace/ces_adk/research/AtomEngine2/engine/rendering_metal/metal_texture.h
2023-10-07 18:38:36,995 - __main__ - INFO - process file: /Users/zhangshengwei/workspace/ces_adk/research/AtomEngine2/engine/rendering_metal/metal_render_layout.h
2023-10-07 18:38:38,427 - __main__ - INFO - process file: /Users/zhangshengwei/workspace/ces_adk/research/AtomEngine2/engine/rendering_metal/metal_shader_object.h
2023-10-07 18:38:39,868 - __main__ - INFO - process file: /Users/zhangshengwei/workspace/ces_adk/research/AtomEngine2/engine/rendering_metal/metal_render_view.h
2023-10-07 18:38:42,384 - __main__ - INFO - process file: /Users/zhangshengwei/workspace/ces_adk/research/AtomEngine2/engine/rendering_metal/metal_render_engine.h
2023-10-07 18:38:43,820 - __main__ - INFO - process file: /Users/zhangshengwei/workspace/ces_adk/research/AtomEngine2/engine/rendering_metal/metal_graphics_buffer.h
2023-10-07 18:38:46,311 - __main__ - INFO - process file: /Users/zhangshengwei/workspace/ces_adk/research/AtomEngine2/engine/rendering_metal/metal_mapping.h
2023-10-07 18:38:48,851 - __main__ - INFO - process file: /Users/zhangshengwei/workspace/ces_adk/research/AtomEngine2/engine/rendering_scenekit/system3d_scenekit.h
2023-10-07 18:38:52,784 - __main__ - INFO - process file: /Users/zhangshengwei/workspace/ces_adk/research/AtomEngine2/engine/media/xml_str.h
2023-10-07 18:38:54,219 - __main__ - INFO - process file: /Users/zhangshengwei/workspace/ces_adk/research/AtomEngine2/header/atom3d_effect.h
2023-10-07 18:38:55,650 - __main__ - INFO - process file: /Users/zhangshengwei/workspace/ces_adk/research/AtomEngine2/header/atom3d_effect_ios.h
2023-10-07 18:38:58,503 - __main__ - INFO - process file: /Users/zhangshengwei/workspace/ces_adk/research/AtomEngine2/header/atom3d_engine.h
2023-10-07 18:38:59,969 - __main__ - INFO - process file: /Users/zhangshengwei/workspace/ces_adk/research/AtomEngine2/header/atom3d_framework.h
2023-10-07 18:39:01,866 - __main__ - INFO - process file: /Users/zhangshengwei/workspace/ces_adk/research/AtomEngine2/header/component/animation.h
2023-10-07 18:39:03,343 - __main__ - INFO - process file: /Users/zhangshengwei/workspace/ces_adk/research/AtomEngine2/header/component/light.h
2023-10-07 18:39:04,818 - __main__ - INFO - process file: /Users/zhangshengwei/workspace/ces_adk/research/AtomEngine2/header/component/camera.h
2023-10-07 18:39:06,296 - __main__ - INFO - process file: /Users/zhangshengwei/workspace/ces_adk/research/AtomEngine2/header/component/renderer.h
2023-10-07 18:39:07,768 - __main__ - INFO - process file: /Users/zhangshengwei/workspace/ces_adk/research/AtomEngine2/header/component/mesh_renderer.h
2023-10-07 18:39:09,244 - __main__ - INFO - process file: /Users/zhangshengwei/workspace/ces_adk/research/AtomEngine2/header/component/component.h
2023-10-07 18:39:10,715 - __main__ - INFO - process file: /Users/zhangshengwei/workspace/ces_adk/research/AtomEngine2/header/glTF/gltf_value.h
2023-10-07 18:39:12,192 - __main__ - INFO - process file: /Users/zhangshengwei/workspace/ces_adk/research/AtomEngine2/header/glTF/gltf2_loader.h
2023-10-07 18:39:13,932 - __main__ - INFO - process file: /Users/zhangshengwei/workspace/ces_adk/research/AtomEngine2/header/glTF/gltf_res.h
2023-10-07 18:39:15,411 - __main__ - INFO - process file: /Users/zhangshengwei/workspace/ces_adk/research/AtomEngine2/header/glTF/gltf_loader.h
2023-10-07 18:39:17,185 - __main__ - INFO - process file: /Users/zhangshengwei/workspace/ces_adk/research/AtomEngine2/header/utils/url_parser.h
2023-10-07 18:39:18,658 - __main__ - INFO - process file: /Users/zhangshengwei/workspace/ces_adk/research/AtomEngine2/header/utils/zbase64.h
2023-10-07 18:39:20,129 - __main__ - INFO - process file: /Users/zhangshengwei/workspace/ces_adk/research/AtomEngine2/header/math/frustum.h
2023-10-07 18:39:21,849 - __main__ - INFO - process file: /Users/zhangshengwei/workspace/ces_adk/research/AtomEngine2/header/math/quaternion.h
2023-10-07 18:39:23,564 - __main__ - INFO - process file: /Users/zhangshengwei/workspace/ces_adk/research/AtomEngine2/header/math/matrix.h
2023-10-07 18:39:25,274 - __main__ - INFO - process file: /Users/zhangshengwei/workspace/ces_adk/research/AtomEngine2/header/math/color.h
2023-10-07 18:39:26,748 - __main__ - INFO - process file: /Users/zhangshengwei/workspace/ces_adk/research/AtomEngine2/header/math/plane.h
2023-10-07 18:39:28,223 - __main__ - INFO - process file: /Users/zhangshengwei/workspace/ces_adk/research/AtomEngine2/header/math/aabbox.h
2023-10-07 18:39:29,696 - __main__ - INFO - process file: /Users/zhangshengwei/workspace/ces_adk/research/AtomEngine2/header/math/math_lib.h
2023-10-07 18:39:31,412 - __main__ - INFO - process file: /Users/zhangshengwei/workspace/ces_adk/research/AtomEngine2/header/math/transform.h
2023-10-07 18:39:33,123 - __main__ - INFO - process file: /Users/zhangshengwei/workspace/ces_adk/research/AtomEngine2/header/math/ray.h
2023-10-07 18:39:34,598 - __main__ - INFO - process file: /Users/zhangshengwei/workspace/ces_adk/research/AtomEngine2/header/math/vector.h
2023-10-07 18:39:36,306 - __main__ - INFO - process file: /Users/zhangshengwei/workspace/ces_adk/research/AtomEngine2/header/math/hash.h
2023-10-07 18:39:37,776 - __main__ - INFO - process file: /Users/zhangshengwei/workspace/ces_adk/research/AtomEngine2/header/rendering/keyframe.h
2023-10-07 18:39:39,252 - __main__ - INFO - process file: /Users/zhangshengwei/workspace/ces_adk/research/AtomEngine2/header/rendering/skybox.h
2023-10-07 18:39:41,031 - __main__ - INFO - process file: /Users/zhangshengwei/workspace/ces_adk/research/AtomEngine2/header/rendering/render_technique.h
2023-10-07 18:39:42,813 - __main__ - INFO - process file: /Users/zhangshengwei/workspace/ces_adk/research/AtomEngine2/header/rendering/render_state_object.h
2023-10-07 18:39:44,305 - __main__ - INFO - process file: /Users/zhangshengwei/workspace/ces_adk/research/AtomEngine2/header/rendering/render_engine.h
2023-10-07 18:39:46,175 - __main__ - INFO - process file: /Users/zhangshengwei/workspace/ces_adk/research/AtomEngine2/header/rendering/render_view.h
2023-10-07 18:39:47,926 - __main__ - INFO - process file: /Users/zhangshengwei/workspace/ces_adk/research/AtomEngine2/header/rendering/render_inc.h
2023-10-07 18:39:49,398 - __main__ - INFO - process file: /Users/zhangshengwei/workspace/ces_adk/research/AtomEngine2/header/rendering/renderable.h
2023-10-07 18:39:51,199 - __main__ - INFO - process file: /Users/zhangshengwei/workspace/ces_adk/research/AtomEngine2/header/rendering/material.h
2023-10-07 18:39:52,927 - __main__ - INFO - process file: /Users/zhangshengwei/workspace/ces_adk/research/AtomEngine2/header/rendering/shader_object.h
2023-10-07 18:39:54,706 - __main__ - INFO - process file: /Users/zhangshengwei/workspace/ces_adk/research/AtomEngine2/header/rendering/mesh.h
2023-10-07 18:39:56,507 - __main__ - INFO - process file: /Users/zhangshengwei/workspace/ces_adk/research/AtomEngine2/header/rendering/skinned_mesh.h
2023-10-07 18:39:58,291 - __main__ - INFO - process file: /Users/zhangshengwei/workspace/ces_adk/research/AtomEngine2/header/rendering/renderable_helper.h
2023-10-07 18:40:00,072 - __main__ - INFO - process file: /Users/zhangshengwei/workspace/ces_adk/research/AtomEngine2/header/rendering/animation_track.h
2023-10-07 18:40:01,549 - __main__ - INFO - process file: /Users/zhangshengwei/workspace/ces_adk/research/AtomEngine2/header/rendering/rendering_layer.h
2023-10-07 18:40:03,334 - __main__ - INFO - process file: /Users/zhangshengwei/workspace/ces_adk/research/AtomEngine2/header/rendering/render_layout.h
2023-10-07 18:40:05,120 - __main__ - INFO - process file: /Users/zhangshengwei/workspace/ces_adk/research/AtomEngine2/header/rendering/skin.h
2023-10-07 18:40:06,598 - __main__ - INFO - process file: /Users/zhangshengwei/workspace/ces_adk/research/AtomEngine2/header/rendering/beautypostprocess.h
2023-10-07 18:40:08,382 - __main__ - INFO - process file: /Users/zhangshengwei/workspace/ces_adk/research/AtomEngine2/header/rendering/graphics_buffer.h
2023-10-07 18:40:09,856 - __main__ - INFO - process file: /Users/zhangshengwei/workspace/ces_adk/research/AtomEngine2/header/rendering/postprocess.h
2023-10-07 18:40:11,646 - __main__ - INFO - process file: /Users/zhangshengwei/workspace/ces_adk/research/AtomEngine2/header/rendering/texture.h
2023-10-07 18:40:13,407 - __main__ - INFO - process file: /Users/zhangshengwei/workspace/ces_adk/research/AtomEngine2/header/rendering/element_format.h
2023-10-07 18:40:15,254 - __main__ - INFO - process file: /Users/zhangshengwei/workspace/ces_adk/research/AtomEngine2/header/rendering/smaa.h
2023-10-07 18:40:17,046 - __main__ - INFO - process file: /Users/zhangshengwei/workspace/ces_adk/research/AtomEngine2/header/rendering/forward_rendering_layer.h
2023-10-07 18:40:18,836 - __main__ - INFO - process file: /Users/zhangshengwei/workspace/ces_adk/research/AtomEngine2/header/rendering/render_factory.h
2023-10-07 18:40:20,625 - __main__ - INFO - process file: /Users/zhangshengwei/workspace/ces_adk/research/AtomEngine2/header/rendering/render_effect.h
2023-10-07 18:40:22,475 - __main__ - INFO - process file: /Users/zhangshengwei/workspace/ces_adk/research/AtomEngine2/header/rendering/frame_buffer.h
2023-10-07 18:40:23,959 - __main__ - INFO - process file: /Users/zhangshengwei/workspace/ces_adk/research/AtomEngine2/header/rendering/image.h
2023-10-07 18:40:25,718 - __main__ - INFO - process file: /Users/zhangshengwei/workspace/ces_adk/research/AtomEngine2/header/scene/scene_object.h
2023-10-07 18:40:27,213 - __main__ - INFO - process file: /Users/zhangshengwei/workspace/ces_adk/research/AtomEngine2/header/scene/scene_manager.h
2023-10-07 18:40:28,689 - __main__ - INFO - process file: /Users/zhangshengwei/workspace/ces_adk/research/AtomEngine2/header/scene/scene_object_helper.h
2023-10-07 18:40:30,178 - __main__ - INFO - process file: /Users/zhangshengwei/workspace/ces_adk/research/AtomEngine2/header/kernel/res_loader.h
2023-10-07 18:40:32,012 - __main__ - INFO - process file: /Users/zhangshengwei/workspace/ces_adk/research/AtomEngine2/header/kernel/inner_infomation.h
2023-10-07 18:40:33,773 - __main__ - INFO - process file: /Users/zhangshengwei/workspace/ces_adk/research/AtomEngine2/header/kernel/res_identifier.h
2023-10-07 18:40:35,602 - __main__ - INFO - process file: /Users/zhangshengwei/workspace/ces_adk/research/AtomEngine2/header/kernel/atom3d_assert.h
2023-10-07 18:40:37,362 - __main__ - INFO - process file: /Users/zhangshengwei/workspace/ces_adk/research/AtomEngine2/header/kernel/log.h
2023-10-07 18:40:39,121 - __main__ - INFO - process file: /Users/zhangshengwei/workspace/ces_adk/research/AtomEngine2/header/kernel/predeclare.h
2023-10-07 18:40:40,884 - __main__ - INFO - process file: /Users/zhangshengwei/workspace/ces_adk/research/AtomEngine2/header/kernel/xml_dom.h
2023-10-07 18:40:42,653 - __main__ - INFO - process file: /Users/zhangshengwei/workspace/ces_adk/research/AtomEngine2/header/kernel/atom3d_error.h
2023-10-07 18:40:44,127 - __main__ - INFO - process file: /Users/zhangshengwei/workspace/ces_adk/research/AtomEngine2/header/kernel/system3d.h
2023-10-07 18:40:45,909 - __main__ - INFO - process file: /Users/zhangshengwei/workspace/ces_adk/include/shatter/shatter.h
2023-10-07 18:40:47,664 - __main__ - INFO - process file: /Users/zhangshengwei/workspace/ces_adk/include/shatter/libqvshatter.h
